<?xml version="1.0" encoding="UTF-8"?>
<!-- Generated by org.testng.reporters.JUnitXMLReporter -->
<testsuite ignored="0" hostname="MACs-Mac-mini.local" failures="0" tests="12" name="regressionTest" time="103.075" errors="0" timestamp="2025-07-25T11:22:45 IST">
  <testcase classname="testng_framework.AnnotationWithHardAssert" name="testc1" time="0.174"/>
  <testcase classname="testng_framework.AnnotationWithHardAssert" name="testc2" time="0.084"/>
  <testcase classname="testng_framework.AnnotationWithHardAssert" name="testc3" time="0.297"/>
  <testcase classname="testng_framework.AnnotationWithSoftAssert" name="testc1" time="0.118"/>
  <testcase classname="testng_framework.AnnotationWithSoftAssert" name="testc2" time="0.091"/>
  <testcase classname="testng_framework.AnnotationWithSoftAssert" name="testc3" time="0.252"/>
  <testcase classname="testng_framework.FacebookWithTestNG" name="testc1" time="0.113"/>
  <testcase classname="testng_framework.FacebookWithTestNG" name="testc2" time="0.074"/>
  <testcase classname="testng_framework.FacebookWithTestNG" name="testc3" time="0.323"/>
  <testcase classname="testng_framework.FacebookWithDataProviderExcel" name="loginTestcase" time="0.229"/>
  <testcase classname="testng_framework.FacebookWithDataProviderExcel" name="loginTestcase" time="0.351"/>
  <testcase classname="testng_framework.FacebookWithDataProviderExcel" name="loginTestcase" time="0.236"/>
</testsuite> <!-- regressionTest -->
