<?xml version="1.0" encoding="UTF-8"?>
<!-- Generated by org.testng.reporters.JUnitXMLReporter -->
<testsuite ignored="0" hostname="MACs-Mac-mini.local" failures="0" tests="3" name="Default test" time="9.534" errors="0" timestamp="2025-07-22T11:00:13 IST">
  <testcase classname="testng_framework.ChromeOptionUse" name="testc1" time="0.139"/>
  <testcase classname="testng_framework.ChromeOptionUse" name="testc2" time="0.099"/>
  <testcase classname="testng_framework.ChromeOptionUse" name="testc3" time="0.401"/>
</testsuite> <!-- Default test -->
