<?xml version="1.0" encoding="UTF-8"?>
<!-- Generated by org.testng.reporters.JUnitXMLReporter -->
<testsuite ignored="0" hostname="MACs-Mac-mini.local" failures="0" tests="3" name="Default test" time="11.766" errors="0" timestamp="2025-07-24T11:42:06 IST">
  <testcase classname="testng_framework.FacebookWithDataProviderExcel" name="loginTestcase" time="0.277"/>
  <testcase classname="testng_framework.FacebookWithDataProviderExcel" name="loginTestcase" time="0.291"/>
  <testcase classname="testng_framework.FacebookWithDataProviderExcel" name="loginTestcase" time="0.261"/>
</testsuite> <!-- Default test -->
