<?xml version="1.0" encoding="UTF-8"?>
<!-- Generated by org.testng.reporters.JUnitXMLReporter -->
<testsuite ignored="0" hostname="MACs-Mac-mini.local" failures="0" tests="9" name="smoke test" time="84.855" errors="0" timestamp="2025-07-25T10:29:45 IST">
  <testcase classname="testng_framework.AnnotationWithHardAssert" name="testc1" time="0.273"/>
  <testcase classname="testng_framework.AnnotationWithHardAssert" name="testc2" time="0.065"/>
  <testcase classname="testng_framework.AnnotationWithHardAssert" name="testc3" time="0.281"/>
  <testcase classname="testng_framework.AnnotationWithSoftAssert" name="testc1" time="0.087"/>
  <testcase classname="testng_framework.AnnotationWithSoftAssert" name="testc2" time="0.072"/>
  <testcase classname="testng_framework.AnnotationWithSoftAssert" name="testc3" time="0.35"/>
  <testcase classname="testng_framework.FacebookWithTestNG" name="testc1" time="0.117"/>
  <testcase classname="testng_framework.FacebookWithTestNG" name="testc2" time="0.079"/>
  <testcase classname="testng_framework.FacebookWithTestNG" name="testc3" time="0.27"/>
</testsuite> <!-- smoke test -->
