<?xml version="1.0" encoding="UTF-8"?>
<testng-results ignored="0" total="3" passed="3" failed="0" skipped="0">
  <reporter-output>
  </reporter-output>
  <suite started-at="2025-07-22T11:00:03 IST" name="Default suite" finished-at="2025-07-22T11:00:13 IST" duration-ms="9534">
    <groups>
    </groups>
    <test started-at="2025-07-22T11:00:03 IST" name="Default test" finished-at="2025-07-22T11:00:13 IST" duration-ms="9534">
      <class name="testng_framework.ChromeOptionUse">
        <test-method is-config="true" signature="lunchApp()[pri:0, instance:testng_framework.ChromeOptionUse@57cf54e1]" started-at="2025-07-22T11:00:03 IST" name="lunchApp" finished-at="2025-07-22T11:00:06 IST" duration-ms="3270" status="PASS">
          <reporter-output>
          </reporter-output>
        </test-method> <!-- lunchApp -->
        <test-method signature="testc1()[pri:0, instance:testng_framework.ChromeOptionUse@57cf54e1]" started-at="2025-07-22T11:00:06 IST" name="testc1" finished-at="2025-07-22T11:00:06 IST" duration-ms="139" status="PASS">
          <reporter-output>
          </reporter-output>
        </test-method> <!-- testc1 -->
        <test-method is-config="true" signature="closeApp()[pri:0, instance:testng_framework.ChromeOptionUse@57cf54e1]" started-at="2025-07-22T11:00:06 IST" name="closeApp" finished-at="2025-07-22T11:00:07 IST" duration-ms="179" status="PASS">
          <reporter-output>
          </reporter-output>
        </test-method> <!-- closeApp -->
        <test-method is-config="true" signature="lunchApp()[pri:0, instance:testng_framework.ChromeOptionUse@57cf54e1]" started-at="2025-07-22T11:00:07 IST" name="lunchApp" finished-at="2025-07-22T11:00:09 IST" duration-ms="2576" status="PASS">
          <reporter-output>
          </reporter-output>
        </test-method> <!-- lunchApp -->
        <test-method signature="testc2()[pri:0, instance:testng_framework.ChromeOptionUse@57cf54e1]" started-at="2025-07-22T11:00:09 IST" name="testc2" finished-at="2025-07-22T11:00:09 IST" duration-ms="99" status="PASS">
          <reporter-output>
          </reporter-output>
        </test-method> <!-- testc2 -->
        <test-method is-config="true" signature="closeApp()[pri:0, instance:testng_framework.ChromeOptionUse@57cf54e1]" started-at="2025-07-22T11:00:09 IST" name="closeApp" finished-at="2025-07-22T11:00:09 IST" duration-ms="134" status="PASS">
          <reporter-output>
          </reporter-output>
        </test-method> <!-- closeApp -->
        <test-method is-config="true" signature="lunchApp()[pri:0, instance:testng_framework.ChromeOptionUse@57cf54e1]" started-at="2025-07-22T11:00:09 IST" name="lunchApp" finished-at="2025-07-22T11:00:12 IST" duration-ms="2441" status="PASS">
          <reporter-output>
          </reporter-output>
        </test-method> <!-- lunchApp -->
        <test-method signature="testc3()[pri:0, instance:testng_framework.ChromeOptionUse@57cf54e1]" started-at="2025-07-22T11:00:12 IST" name="testc3" finished-at="2025-07-22T11:00:12 IST" duration-ms="401" status="PASS">
          <reporter-output>
          </reporter-output>
        </test-method> <!-- testc3 -->
        <test-method is-config="true" signature="closeApp()[pri:0, instance:testng_framework.ChromeOptionUse@57cf54e1]" started-at="2025-07-22T11:00:12 IST" name="closeApp" finished-at="2025-07-22T11:00:13 IST" duration-ms="225" status="PASS">
          <reporter-output>
          </reporter-output>
        </test-method> <!-- closeApp -->
      </class> <!-- testng_framework.ChromeOptionUse -->
    </test> <!-- Default test -->
  </suite> <!-- Default suite -->
</testng-results>
